<?xml version="1.0" encoding="UTF-8"?>
<!-- Generated by org.testng.reporters.JUnitReportReporter -->
<testsuite hostname="DESKTOP-4I7H3G8" failures="0" tests="1" name="InstagramAutoPostDemo" time="25.394" errors="0" timestamp="2024-01-11T09:36:50 IST" skipped="0">
  <testcase classname="InstagramAutoPostDemo" name="postFeedsOnInstagram" time="25.394"/>
</testsuite> <!-- InstagramAutoPostDemo -->
