<?xml version="1.0" encoding="UTF-8"?>
<!-- Generated by org.testng.reporters.JUnitReportReporter -->
<testsuite hostname="DESKTOP-4I7H3G8" failures="0" tests="1" name="ChatGPTAutoPostDemo" time="16.206" errors="0" timestamp="2024-01-23T11:46:36 IST" skipped="0">
  <testcase classname="ChatGPTAutoPostDemo" name="postToChatGPT" time="16.206"/>
</testsuite> <!-- ChatGPTAutoPostDemo -->
