<?xml version="1.0" encoding="UTF-8"?>
<!-- Generated by org.testng.reporters.JUnitReportReporter -->
<testsuite hostname="DESKTOP-4I7H3G8" failures="0" tests="1" name="FacebookAutoPostDemo" time="128.363" errors="0" timestamp="2024-01-10T18:39:57 IST" skipped="0">
  <testcase classname="FacebookAutoPostDemo" name="postUpdatedNewsToFacebook" time="128.363"/>
</testsuite> <!-- FacebookAutoPostDemo -->
